\BOOKMARK [0][-]{chapter*.2}{\376\377\000B\036\243\000n\000g\000\040\000k\000\375\000\040\000h\000i\036\307\000u\000\040\000v\000\340\000\040\000c\000h\036\357\000\040\000v\000i\036\277\000t\000\040\000t\036\257\000t}{}% 1
\BOOKMARK [0][-]{chapter*.3}{\376\377\000L\036\335\000i\000\040\000m\036\337\000\040\001\021\036\247\000u}{}% 2
\BOOKMARK [0][-]{chapter.1}{\376\377\000C\001\241\000\040\000s\036\337\000\040\000l\000\375\000\040\000t\000h\000u\000y\036\277\000t}{}% 3
\BOOKMARK [1][-]{section.1.1}{\376\377\000G\000i\036\333\000i\000\040\000t\000h\000i\036\307\000u\000\040\000v\036\301\000\040\000p\000h\000\342\000n\000\040\000t\000\355\000c\000h\000\040\000d\036\357\000\040\000l\000i\036\307\000u\000\040\000b\000\363\000n\000g\000\040\001\021\000\341}{chapter.1}% 4
\BOOKMARK [1][-]{section.1.2}{\376\377\000T\036\325\000n\000g\000\040\000q\000u\000a\000n\000\040\000v\036\301\000\040\000K\000h\000o\000\040\000d\036\357\000\040\000l\000i\036\307\000u\000\040\000\050\000D\000a\000t\000a\000\040\000W\000a\000r\000e\000h\000o\000u\000s\000e\000\051\000\040\000v\000\340\000\040\000P\000h\000\342\000n\000\040\000t\000\355\000c\000h\000\040\000x\036\355\000\040\000l\000\375\000\040\000t\000r\036\361\000c\000\040\000t\000u\000y\036\277\000n\000\040\000\050\000O\000L\000A\000P\000\051}{chapter.1}% 5
\BOOKMARK [2][-]{subsection.1.2.1}{\376\377\000K\000h\000o\000\040\000d\036\357\000\040\000l\000i\036\307\000u\000\040\000\050\000D\000a\000t\000a\000\040\000W\000a\000r\000e\000h\000o\000u\000s\000e\000\051}{section.1.2}% 6
\BOOKMARK [2][-]{subsection.1.2.2}{\376\377\000H\036\307\000\040\000t\000h\036\321\000n\000g\000\040\000p\000h\000\342\000n\000\040\000t\000\355\000c\000h\000\040\000x\036\355\000\040\000l\000\375\000\040\000t\000r\036\361\000c\000\040\000t\000u\000y\036\277\000n\000\040\000\050\000O\000L\000A\000P\000\051}{section.1.2}% 7
\BOOKMARK [1][-]{section.1.3}{\376\377\000Q\000u\000y\000\040\000t\000r\000\354\000n\000h\000\040\000t\000\355\000c\000h\000\040\000h\036\343\000p\000\040\000d\036\357\000\040\000l\000i\036\307\000u\000\040\000E\000T\000L\000\040\000v\000\340\000\040\000E\000L\000T}{chapter.1}% 8
\BOOKMARK [2][-]{subsection.1.3.1}{\376\377\000K\000i\036\277\000n\000\040\000t\000r\000\372\000c\000\040\000E\000T\000L\000\040\000K\000i\000n\000h\000\040\001\021\000i\036\303\000n}{section.1.3}% 9
\BOOKMARK [2][-]{subsection.1.3.2}{\376\377\000S\036\361\000\040\000c\000h\000u\000y\036\303\000n\000\040\000d\036\313\000c\000h\000\040\000s\000a\000n\000g\000\040\000k\000i\036\277\000n\000\040\000t\000r\000\372\000c\000\040\000E\000L\000T\000\040\000h\000i\036\307\000n\000\040\001\021\036\241\000i}{section.1.3}% 10
\BOOKMARK [0][-]{chapter.2}{\376\377\000K\000h\036\243\000o\000\040\000s\000\341\000t\000\040\000h\036\307\000\040\000t\000h\036\321\000n\000g}{}% 11
\BOOKMARK [1][-]{section.2.1}{\376\377\000K\000h\036\243\000o\000\040\000s\000\341\000t\000\040\000n\000h\000u\000\040\000c\036\247\000u\000\040\000c\036\347\000a\000\040\000c\000\341\000c\000\040\000b\000\352\000n\000\040\000l\000i\000\352\000n\000\040\000q\000u\000a\000n}{chapter.2}% 12
\BOOKMARK [2][-]{subsection.2.1.1}{\376\377\000N\000h\000u\000\040\000c\036\247\000u\000\040\000c\036\347\000a\000\040\000c\000\341\000c\000\040\000b\000\352\000n\000\040\000l\000i\000\352\000n\000\040\000q\000u\000a\000n}{section.2.1}% 13
\BOOKMARK [2][-]{subsection.2.1.2}{\376\377\000C\000\341\000c\000\040\000b\000\341\000o\000\040\000c\000\341\000o\000\040\000c\036\247\000n\000\040\000x\000\342\000y\000\040\000d\036\361\000n\000g\000\040\000v\000\340\000\040\000c\000h\036\347\000\040\001\021\000i\036\303\000m\000\040\000p\000h\000\342\000n\000\040\000t\000\355\000c\000h}{section.2.1}% 14
\BOOKMARK [1][-]{section.2.2}{\376\377\000C\000\341\000c\000\040\000l\000u\036\323\000n\000g\000\040\000n\000g\000h\000i\036\307\000p\000\040\000v\036\345\000\040\000k\000h\000a\000i\000\040\000t\000h\000\341\000c\000\040\000d\036\357\000\040\000l\000i\036\307\000u\000\040\000b\000\363\000n\000g\000\040\001\021\000\341}{chapter.2}% 15
\BOOKMARK [2][-]{subsection.2.2.1}{\376\377\000L\000u\036\323\000n\000g\000\040\000n\000g\000h\000i\036\307\000p\000\040\000v\036\345\000\040\000p\000h\000\342\000n\000\040\000t\000\355\000c\000h\000\040\001\021\036\321\000i\000\040\000t\000h\036\347}{section.2.2}% 16
\BOOKMARK [2][-]{subsection.2.2.2}{\376\377\000L\000u\036\323\000n\000g\000\040\000n\000g\000h\000i\036\307\000p\000\040\000v\036\345\000\040\000p\000h\000\342\000n\000\040\000t\000\355\000c\000h\000\040\000h\000i\036\307\000u\000\040\000s\000u\036\245\000t\000\040\001\021\036\331\000i\000\040\000n\000h\000\340}{section.2.2}% 17
\BOOKMARK [2][-]{subsection.2.2.3}{\376\377\000L\000u\036\323\000n\000g\000\040\000n\000g\000h\000i\036\307\000p\000\040\000v\036\345\000\040\000t\000u\000y\036\303\000n\000\040\000t\000r\036\241\000c\000h\000\040\000c\036\247\000u\000\040\000t\000h\036\347}{section.2.2}% 18
\BOOKMARK [1][-]{section.2.3}{\376\377\000M\000\364\000\040\000h\000\354\000n\000h\000\040\000k\000i\000n\000h\000\040\000d\000o\000a\000n\000h\000\040\000v\000\340\000\040\000L\000u\036\323\000n\000g\000\040\000d\036\357\000\040\000l\000i\036\307\000u}{chapter.2}% 19
\BOOKMARK [2][-]{subsection.2.3.1}{\376\377\000M\000\364\000\040\000h\000\354\000n\000h\000\040\000k\000i\000n\000h\000\040\000d\000o\000a\000n\000h}{section.2.3}% 20
\BOOKMARK [2][-]{subsection.2.3.2}{\376\377\000L\000u\036\323\000n\000g\000\040\000d\036\357\000\040\000l\000i\036\307\000u}{section.2.3}% 21
\BOOKMARK [1][-]{section.2.4}{\376\377\001\020\036\267\000c\000\040\000t\036\243\000\040\000y\000\352\000u\000\040\000c\036\247\000u\000\040\000k\036\371\000\040\000t\000h\000u\036\255\000t}{chapter.2}% 22
\BOOKMARK [2][-]{subsection.2.4.1}{\376\377\000Y\000\352\000u\000\040\000c\036\247\000u\000\040\000v\036\301\000\040\000q\000u\000y\000\040\000t\000r\000\354\000n\000h\000\040\000x\036\355\000\040\000l\000\375\000\040\000d\036\357\000\040\000l\000i\036\307\000u}{section.2.4}% 23
\BOOKMARK [2][-]{subsection.2.4.2}{\376\377\000T\000i\000\352\000u\000\040\000c\000h\000u\036\251\000n\000\040\000c\000h\036\245\000t\000\040\000l\001\260\036\343\000n\000g\000\040\000v\000\340\000\040\000h\000i\036\307\000u\000\040\000n\001\003\000n\000g}{section.2.4}% 24
\BOOKMARK [2][-]{subsection.2.4.3}{\376\377\000C\000\364\000n\000g\000\040\000n\000g\000h\036\307\000\040\000s\036\355\000\040\000d\036\345\000n\000g}{section.2.4}% 25
\BOOKMARK [1][-]{section.2.5}{\376\377\001\020\036\267\000c\000\040\001\021\000i\036\303\000m\000\040\000v\000\340\000\040\000q\000u\000y\000\040\000m\000\364\000\040\000d\036\357\000\040\000l\000i\036\307\000u}{chapter.2}% 26
\BOOKMARK [0][-]{chapter.3}{\376\377\000T\000h\000i\036\277\000t\000\040\000k\036\277\000\040\000h\036\307\000\040\000t\000h\036\321\000n\000g}{}% 27
\BOOKMARK [1][-]{section.3.1}{\376\377\000K\000h\000\341\000m\000\040\000p\000h\000\341\000\040\000d\036\357\000\040\000l\000i\036\307\000u}{chapter.3}% 28
\BOOKMARK [2][-]{subsection.3.1.1}{\376\377\000T\036\325\000n\000g\000\040\000q\000u\000a\000n\000\040\000v\036\301\000\040\000c\036\245\000u\000\040\000t\000r\000\372\000c\000\040\000d\036\357\000\040\000l\000i\036\307\000u}{section.3.1}% 29
\BOOKMARK [2][-]{subsection.3.1.2}{\376\377\000C\036\245\000u\000\040\000t\000r\000\372\000c\000\040\000s\000c\000h\000e\000m\000a}{section.3.1}% 30
\BOOKMARK [2][-]{subsection.3.1.3}{\376\377\000C\000h\036\245\000t\000\040\000l\001\260\036\343\000n\000g\000\040\000d\036\357\000\040\000l\000i\036\307\000u}{section.3.1}% 31
\BOOKMARK [2][-]{subsection.3.1.4}{\376\377\000K\000h\000\341\000m\000\040\000p\000h\000\341\000\040\000d\036\357\000\040\000l\000i\036\307\000u}{section.3.1}% 32
\BOOKMARK [1][-]{section.3.2}{\376\377\000K\000i\036\277\000n\000\040\000t\000r\000\372\000c\000\040\000D\000a\000t\000a\000\040\000W\000a\000r\000e\000h\000o\000u\000s\000e}{chapter.3}% 33
\BOOKMARK [1][-]{section.3.3}{\376\377\001\020\001\260\036\335\000n\000g\000\040\036\321\000n\000g\000\040\000d\036\357\000\040\000l\000i\036\307\000u}{chapter.3}% 34
\BOOKMARK [1][-]{section.3.4}{\376\377\000H\036\307\000\040\000t\000h\036\321\000n\000g\000\040\000c\000h\000i\036\301\000u\000\040\000k\000h\000\341\000i\000\040\000n\000i\036\307\000m}{chapter.3}% 35
\BOOKMARK [1][-]{section.3.5}{\376\377\000M\000\364\000\040\000h\000\354\000n\000h\000\040\000d\036\357\000\040\000l\000i\036\307\000u\000\040\000l\000o\000g\000i\000c}{chapter.3}% 36
\BOOKMARK [1][-]{section.3.6}{\376\377\000M\000\364\000\040\000h\000\354\000n\000h\000\040\000d\036\357\000\040\000l\000i\036\307\000u\000\040\000v\036\255\000t\000\040\000l\000\375}{chapter.3}% 37
\BOOKMARK [0][-]{chapter.4}{\376\377\000C\000\340\000i\000\040\001\021\036\267\000t\000\040\000h\036\307\000\040\000t\000h\036\321\000n\000g}{}% 38
\BOOKMARK [1][-]{section.4.1}{\376\377\000Q\000u\000\341\000\040\000t\000r\000\354\000n\000h\000\040\000x\036\355\000\040\000l\000\375\000\040\000d\036\357\000\040\000l\000i\036\307\000u}{chapter.4}% 39
\BOOKMARK [2][-]{subsection.4.1.1}{\376\377\000C\036\245\000u\000\040\000h\000\354\000n\000h\000\040\000m\000\364\000i\000\040\000t\000r\001\260\036\335\000n\000g\000\040\000v\000\340\000\040\000k\036\277\000t\000\040\000n\036\321\000i\000\040\000d\036\357\000\040\000l\000i\036\307\000u}{section.4.1}% 40
\BOOKMARK [2][-]{subsection.4.1.2}{\376\377\000X\036\355\000\040\000l\000\375\000\040\000d\036\357\000\040\000l\000i\036\307\000u\000\040\000c\000h\000o\000\040\000c\000\341\000c\000\040\000b\036\243\000n\000g\000\040\000D\000i\000m}{section.4.1}% 41
\BOOKMARK [2][-]{subsection.4.1.3}{\376\377\000X\036\355\000\040\000l\000\375\000\040\000d\036\357\000\040\000l\000i\036\307\000u\000\040\000c\000h\000o\000\040\000c\000\341\000c\000\040\000b\036\243\000n\000g\000\040\000F\000a\000c\000t}{section.4.1}% 42
\BOOKMARK [1][-]{section.4.2}{\376\377\000T\036\361\000\040\001\021\036\331\000n\000g\000\040\000h\000\363\000a\000\040\000q\000u\000y\000\040\000t\000r\000\354\000n\000h\000\040\000x\036\355\000\040\000l\000\375\000\040\000v\036\333\000i\000\040\000A\000p\000a\000c\000h\000e\000\040\000A\000i\000r\000f\000l\000o\000w}{chapter.4}% 43
\BOOKMARK [2][-]{subsection.4.2.1}{\376\377\000T\000h\000i\036\277\000t\000\040\000k\036\277\000\040\000l\000u\036\323\000n\000g\000\040\000d\036\357\000\040\000l\000i\036\307\000u}{section.4.2}% 44
\BOOKMARK [2][-]{subsection.4.2.2}{\376\377\000C\036\245\000u\000\040\000h\000\354\000n\000h\000\040\000k\036\371\000\040\000t\000h\000u\036\255\000t\000\040\000v\000\340\000\040\000G\000i\000\341\000m\000\040\000s\000\341\000t}{section.4.2}% 45
\BOOKMARK [1][-]{section.4.3}{\376\377\000X\000\342\000y\000\040\000d\036\361\000n\000g\000\040\000b\000\341\000o\000\040\000c\000\341\000o\000\040\000p\000h\000\342\000n\000\040\000t\000\355\000c\000h}{chapter.4}% 46
\BOOKMARK [0][-]{chapter*.77}{\376\377\000K\036\277\000t\000\040\000l\000u\036\255\000n}{}% 47
\BOOKMARK [1][-]{section*.80}{\376\377\000T\000\340\000i\000\040\000l\000i\036\307\000u\000\040\000t\000h\000a\000m\000\040\000k\000h\036\243\000o}{chapter*.77}% 48
